17:16:16: Creating resource group General
17:16:16: Creating resource group Internal
17:16:16: Creating resource group Autodetect
17:16:16: SceneManagerFactory for type 'DefaultSceneManager' registered.
17:16:16: Registering ResourceManager for type Material
17:16:16: Registering ResourceManager for type Mesh
17:16:16: Registering ResourceManager for type Skeleton
17:16:16: MovableObjectFactory for type 'ParticleSystem' registered.
17:16:16: OverlayElementFactory for type Panel registered.
17:16:16: OverlayElementFactory for type BorderPanel registered.
17:16:16: OverlayElementFactory for type TextArea registered.
17:16:16: Registering ResourceManager for type Font
17:16:16: ArchiveFactory for archive type FileSystem registered.
17:16:16: ArchiveFactory for archive type Zip registered.
17:16:16: DDS codec registering
17:16:16: FreeImage version: 3.15.1
17:16:16: This program uses FreeImage, a free, open source image library supporting all common bitmap formats. See http://freeimage.sourceforge.net for details
17:16:16: Supported formats: bmp,ico,jpg,jif,jpeg,jpe,jng,koa,iff,lbm,mng,pbm,pbm,pcd,pcx,pgm,pgm,png,ppm,ppm,ras,tga,targa,tif,tiff,wap,wbmp,wbm,psd,cut,xbm,xpm,gif,hdr,g3,sgi,exr,j2k,j2c,jp2,pfm,pct,pict,pic,3fr,arw,bay,bmq,cap,cine,cr2,crw,cs1,dc2,dcr,drf,dsc,dng,erf,fff,ia,iiq,k25,kc2,kdc,mdc,mef,mos,mrw,nef,nrw,orf,pef,ptx,pxn,qtk,raf,raw,rdc,rw2,rwl,rwz,sr2,srf,sti
17:16:16: Registering ResourceManager for type HighLevelGpuProgram
17:16:16: Registering ResourceManager for type Compositor
17:16:16: MovableObjectFactory for type 'Entity' registered.
17:16:16: MovableObjectFactory for type 'Light' registered.
17:16:16: MovableObjectFactory for type 'BillboardSet' registered.
17:16:16: MovableObjectFactory for type 'ManualObject' registered.
17:16:16: MovableObjectFactory for type 'BillboardChain' registered.
17:16:16: MovableObjectFactory for type 'RibbonTrail' registered.
17:16:16: Loading library /usr/lib/x86_64-linux-gnu/OGRE-1.7.4/RenderSystem_GL.so
17:16:16: Installing plugin: GL RenderSystem
17:16:16: OpenGL Rendering Subsystem created.
17:16:17: Plugin successfully installed
17:16:17: Loading library /usr/lib/x86_64-linux-gnu/OGRE-1.7.4/Plugin_ParticleFX.so
17:16:17: Installing plugin: ParticleFX
17:16:17: Particle Emitter Type 'Point' registered
17:16:17: Particle Emitter Type 'Box' registered
17:16:17: Particle Emitter Type 'Ellipsoid' registered
17:16:17: Particle Emitter Type 'Cylinder' registered
17:16:17: Particle Emitter Type 'Ring' registered
17:16:17: Particle Emitter Type 'HollowEllipsoid' registered
17:16:17: Particle Affector Type 'LinearForce' registered
17:16:17: Particle Affector Type 'ColourFader' registered
17:16:17: Particle Affector Type 'ColourFader2' registered
17:16:17: Particle Affector Type 'ColourImage' registered
17:16:17: Particle Affector Type 'ColourInterpolator' registered
17:16:17: Particle Affector Type 'Scaler' registered
17:16:17: Particle Affector Type 'Rotator' registered
17:16:17: Particle Affector Type 'DirectionRandomiser' registered
17:16:17: Particle Affector Type 'DeflectorPlane' registered
17:16:17: Plugin successfully installed
17:16:17: Loading library /usr/lib/x86_64-linux-gnu/OGRE-1.7.4/Plugin_BSPSceneManager.so
17:16:17: Installing plugin: BSP Scene Manager
17:16:17: Plugin successfully installed
17:16:17: Loading library /usr/lib/x86_64-linux-gnu/OGRE-1.7.4/Plugin_OctreeSceneManager.so
17:16:17: Installing plugin: Octree & Terrain Scene Manager
17:16:17: Plugin successfully installed
17:16:17: *-*-* OGRE Initialising
17:16:17: *-*-* Version 1.7.4 (Cthugha)
17:16:17: Added resource location '/home/malleg_a/Zappy/zhappy/graphic/ogre_src_v1-8-1/Tools/MaterialEditor/bin/resources' of type 'FileSystem' to resource group 'General'
17:16:17: Added resource location '/home/malleg_a/Zappy/zhappy/graphic/ogre_src_v1-8-1/Tools/MaterialEditor/bin/resources/materials' of type 'FileSystem' to resource group 'General'
17:16:17: Added resource location '/home/malleg_a/Zappy/zhappy/graphic/ogre_src_v1-8-1/Tools/MaterialEditor/bin/resources/materials/scripts' of type 'FileSystem' to resource group 'General'
17:16:17: Added resource location '/home/malleg_a/Zappy/zhappy/graphic/ogre_src_v1-8-1/Tools/MaterialEditor/bin/resources/materials/textures' of type 'FileSystem' to resource group 'General'
17:16:17: Added resource location '/home/malleg_a/Zappy/zhappy/graphic/ogre_src_v1-8-1/Tools/MaterialEditor/bin/resources/models' of type 'FileSystem' to resource group 'General'
17:16:17: Added resource location '/home/malleg_a/Zappy/zhappy/graphic/ogre_src_v1-8-1/Samples/Common/include/' of type 'FileSystem' to resource group 'General'
17:16:17: Added resource location './Zips/SdkTrays.zip' of type 'Zip' to resource group 'General'
17:16:20: CPU Identifier & Features
17:16:20: -------------------------
17:16:20:  *   CPU ID: GenuineIntel: Intel(R) Core(TM) i5 CPU       M 560  @ 2.67GHz
17:16:20:  *      SSE: yes
17:16:20:  *     SSE2: yes
17:16:20:  *     SSE3: yes
17:16:20:  *      MMX: yes
17:16:20:  *   MMXEXT: yes
17:16:20:  *    3DNOW: no
17:16:20:  * 3DNOWEXT: no
17:16:20:  *     CMOV: yes
17:16:20:  *      TSC: yes
17:16:20:  *      FPU: yes
17:16:20:  *      PRO: yes
17:16:20:  *       HT: no
17:16:20: -------------------------
17:16:20: ******************************
*** Starting GLX Subsystem ***
******************************
17:16:20: GLRenderSystem::_createRenderWindow "TutorialApplication Render Window", 1280x960 windowed  miscParams: FSAA=0 displayFrequency=60 MHz gamma=No vsync=Yes 
17:16:20: OGRE EXCEPTION(6:FileNotFoundException): Cannot locate resource GLX_icon.png in resource group General or any other group. in ResourceGroupManager::openResource at /build/buildd/ogre-1.7.4/OgreMain/src/OgreResourceGroupManager.cpp (line 753)
17:16:20: GLXWindow::create used FBConfigID = 165
17:16:20: GL_VERSION = 3.0 Mesa 9.0.3
17:16:20: GL_VENDOR = nouveau
17:16:20: GL_RENDERER = Gallium 0.4 on NVA5
17:16:20: GL_EXTENSIONS = GL_ARB_multisample GL_EXT_abgr GL_EXT_bgra GL_EXT_blend_color GL_EXT_blend_minmax GL_EXT_blend_subtract GL_EXT_copy_texture GL_EXT_polygon_offset GL_EXT_subtexture GL_EXT_texture_object GL_EXT_vertex_array GL_EXT_compiled_vertex_array GL_EXT_texture GL_EXT_texture3D GL_IBM_rasterpos_clip GL_ARB_point_parameters GL_EXT_draw_range_elements GL_EXT_packed_pixels GL_EXT_point_parameters GL_EXT_rescale_normal GL_EXT_separate_specular_color GL_EXT_texture_edge_clamp GL_SGIS_generate_mipmap GL_SGIS_texture_border_clamp GL_SGIS_texture_edge_clamp GL_SGIS_texture_lod GL_ARB_framebuffer_sRGB GL_ARB_multitexture GL_EXT_framebuffer_sRGB GL_IBM_multimode_draw_arrays GL_IBM_texture_mirrored_repeat GL_ARB_texture_cube_map GL_ARB_texture_env_add GL_ARB_transpose_matrix GL_EXT_blend_func_separate GL_EXT_fog_coord GL_EXT_multi_draw_arrays GL_EXT_secondary_color GL_EXT_texture_env_add GL_EXT_texture_filter_anisotropic GL_EXT_texture_lod_bias GL_INGR_blend_func_separate GL_NV_blend_square GL_NV_light_max_exponent GL_NV_texgen_reflection GL_NV_texture_env_combine4 GL_S3_s3tc GL_SUN_multi_draw_arrays GL_ARB_texture_border_clamp GL_ARB_texture_compression GL_EXT_framebuffer_object GL_EXT_texture_compression_s3tc GL_EXT_texture_env_combine GL_EXT_texture_env_dot3 GL_MESA_window_pos GL_NV_packed_depth_stencil GL_NV_texture_rectangle GL_ARB_depth_texture GL_ARB_occlusion_query GL_ARB_shadow GL_ARB_texture_env_combine GL_ARB_texture_env_crossbar GL_ARB_texture_env_dot3 GL_ARB_texture_mirrored_repeat GL_ARB_window_pos GL_EXT_stencil_two_side GL_EXT_texture_cube_map GL_NV_depth_clamp GL_NV_fog_distance GL_APPLE_packed_pixels GL_APPLE_vertex_array_object GL_ARB_draw_buffers GL_ARB_fragment_program GL_ARB_fragment_shader GL_ARB_shader_objects GL_ARB_vertex_program GL_ARB_vertex_shader GL_ATI_draw_buffers GL_ATI_texture_env_combine3 GL_ATI_texture_float GL_EXT_shadow_funcs GL_EXT_stencil_wrap GL_MESA_pack_invert GL_NV_primitive_restart GL_ARB_depth_clamp GL_ARB_fragment_program_shadow GL_ARB_half_float_pixel GL_ARB_occlusion_query2 GL_ARB_point_sprite GL_ARB_shading_language_100 GL_ARB_sync GL_ARB_texture_non_power_of_two GL_ARB_vertex_buffer_object GL_ATI_blend_equation_separate GL_EXT_blend_equation_separate GL_OES_read_format GL_ARB_color_buffer_float GL_ARB_pixel_buffer_object GL_ARB_texture_compression_rgtc GL_ARB_texture_float GL_ARB_texture_rectangle GL_ATI_texture_compression_3dc GL_EXT_packed_float GL_EXT_pixel_buffer_object GL_EXT_texture_compression_dxt1 GL_EXT_texture_compression_rgtc GL_EXT_texture_mirror_clamp GL_EXT_texture_rectangle GL_EXT_texture_sRGB GL_EXT_texture_shared_exponent GL_ARB_framebuffer_object GL_EXT_framebuffer_blit GL_EXT_framebuffer_multisample GL_EXT_packed_depth_stencil GL_ARB_vertex_array_object GL_ATI_separate_stencil GL_ATI_texture_mirror_once GL_EXT_draw_buffers2 GL_EXT_draw_instanced GL_EXT_gpu_program_parameters GL_EXT_texture_array GL_EXT_texture_compression_latc GL_EXT_texture_integer GL_EXT_texture_sRGB_decode GL_EXT_timer_query GL_OES_EGL_image GL_MESA_texture_array GL_ARB_copy_buffer GL_ARB_depth_buffer_float GL_ARB_draw_instanced GL_ARB_half_float_vertex GL_ARB_instanced_arrays GL_ARB_map_buffer_range GL_ARB_texture_rg GL_ARB_texture_swizzle GL_ARB_vertex_array_bgra GL_EXT_separate_shader_objects GL_EXT_texture_swizzle GL_EXT_vertex_array_bgra GL_NV_conditional_render GL_AMD_conservative_depth GL_AMD_draw_buffers_blend GL_ARB_ES2_compatibility GL_ARB_blend_func_extended GL_ARB_debug_output GL_ARB_draw_buffers_blend GL_ARB_draw_elements_base_vertex GL_ARB_explicit_attrib_location GL_ARB_fragment_coord_conventions GL_ARB_provoking_vertex GL_ARB_sampler_objects GL_ARB_seamless_cube_map GL_ARB_shader_texture_lod GL_EXT_provoking_vertex GL_EXT_texture_snorm GL_MESA_texture_signed_rgba GL_NV_texture_barrier GL_ARB_robustness GL_ARB_shader_bit_encoding GL_ARB_timer_query GL_ARB_transform_feedback2 GL_ARB_transform_feedback3 GL_ARB_base_instance GL_ARB_conservative_depth GL_ARB_texture_storage GL_ARB_transform_feedback_instanced GL_EXT_transform_feedback GL_ARB_invalidate_subdata 
17:16:20: Supported GLX extensions: GLX_ARB_create_context GLX_ARB_create_context_profile GLX_ARB_get_proc_address GLX_ARB_multisample GLX_EXT_import_context GLX_EXT_visual_info GLX_EXT_visual_rating GLX_EXT_create_context_es2_profile GLX_MESA_copy_sub_buffer GLX_MESA_multithread_makecurrent GLX_MESA_swap_control GLX_OML_swap_method GLX_OML_sync_control GLX_SGI_make_current_read GLX_SGI_swap_control GLX_SGI_video_sync GLX_SGIS_multisample GLX_SGIX_fbconfig GLX_SGIX_pbuffer GLX_SGIX_visual_select_group GLX_EXT_texture_from_pixmap GLX_INTEL_swap_event 
17:16:20: ***************************
17:16:20: *** GL Renderer Started ***
17:16:20: ***************************
17:16:20: Registering ResourceManager for type GpuProgram
17:16:20: GLSL support detected
17:16:20: GL: Using GL_EXT_framebuffer_object for rendering to textures (best)
17:16:20: FBO PF_UNKNOWN depth/stencil support: D0S1 D0S4 D0S8 D0S16 D16S0 D24S0 D32S0 Packed-D24S8 
17:16:20: FBO PF_L8 depth/stencil support: D0S0 D0S1 D0S4 D0S8 D0S16 D16S0 D24S0 D32S0 Packed-D24S8 
17:16:20: FBO PF_L16 depth/stencil support: D0S0 D0S1 D0S4 D0S8 D0S16 D16S0 D24S0 D32S0 Packed-D24S8 
17:16:20: FBO PF_A8 depth/stencil support: D0S0 D0S1 D0S4 D0S8 D0S16 D16S0 D24S0 D32S0 Packed-D24S8 
17:16:20: FBO PF_A1R5G5B5 depth/stencil support: D0S0 D0S1 D0S4 D0S8 D0S16 D16S0 D24S0 D32S0 Packed-D24S8 
17:16:20: FBO PF_R8G8B8 depth/stencil support: D0S0 D0S1 D0S4 D0S8 D0S16 D16S0 D24S0 D32S0 Packed-D24S8 
17:16:20: FBO PF_B8G8R8 depth/stencil support: D0S0 D0S1 D0S4 D0S8 D0S16 D16S0 D24S0 D32S0 Packed-D24S8 
17:16:20: FBO PF_A8R8G8B8 depth/stencil support: D0S0 D0S1 D0S4 D0S8 D0S16 D16S0 D24S0 D32S0 Packed-D24S8 
17:16:20: FBO PF_B8G8R8A8 depth/stencil support: D0S0 D0S1 D0S4 D0S8 D0S16 D16S0 D24S0 D32S0 Packed-D24S8 
17:16:20: FBO PF_A2R10G10B10 depth/stencil support: D0S0 D0S1 D0S4 D0S8 D0S16 D16S0 D24S0 D32S0 Packed-D24S8 
17:16:20: FBO PF_A2B10G10R10 depth/stencil support: D0S0 D0S1 D0S4 D0S8 D0S16 D16S0 D24S0 D32S0 Packed-D24S8 
17:16:20: FBO PF_FLOAT16_RGB depth/stencil support: D0S0 D0S1 D0S4 D0S8 D0S16 D16S0 D24S0 D32S0 Packed-D24S8 
17:16:20: FBO PF_FLOAT16_RGBA depth/stencil support: D0S0 D0S1 D0S4 D0S8 D0S16 D16S0 D24S0 D32S0 Packed-D24S8 
17:16:20: FBO PF_FLOAT32_RGB depth/stencil support: D0S0 D0S1 D0S4 D0S8 D0S16 D16S0 D24S0 D32S0 Packed-D24S8 
17:16:20: FBO PF_FLOAT32_RGBA depth/stencil support: D0S0 D0S1 D0S4 D0S8 D0S16 D16S0 D24S0 D32S0 Packed-D24S8 
17:16:20: FBO PF_X8R8G8B8 depth/stencil support: D0S0 D0S1 D0S4 D0S8 D0S16 D16S0 D24S0 D32S0 Packed-D24S8 
17:16:20: FBO PF_X8B8G8R8 depth/stencil support: D0S0 D0S1 D0S4 D0S8 D0S16 D16S0 D24S0 D32S0 Packed-D24S8 
17:16:20: FBO PF_SHORT_RGBA depth/stencil support: D0S0 D0S1 D0S4 D0S8 D0S16 D16S0 D24S0 D32S0 Packed-D24S8 
17:16:20: FBO PF_FLOAT16_R depth/stencil support: D0S0 D0S1 D0S4 D0S8 D0S16 D16S0 D24S0 D32S0 Packed-D24S8 
17:16:20: FBO PF_FLOAT32_R depth/stencil support: D0S0 D0S1 D0S4 D0S8 D0S16 D16S0 D24S0 D32S0 Packed-D24S8 
17:16:20: FBO PF_SHORT_RGB depth/stencil support: D0S0 D0S1 D0S4 D0S8 D0S16 D16S0 D24S0 D32S0 Packed-D24S8 
17:16:20: [GL] : Valid FBO targets PF_UNKNOWN PF_L8 PF_L16 PF_A8 PF_A1R5G5B5 PF_R8G8B8 PF_B8G8R8 PF_A8R8G8B8 PF_B8G8R8A8 PF_A2R10G10B10 PF_A2B10G10R10 PF_FLOAT16_RGB PF_FLOAT16_RGBA PF_FLOAT32_RGB PF_FLOAT32_RGBA PF_X8R8G8B8 PF_X8B8G8R8 PF_SHORT_RGBA PF_FLOAT16_R PF_FLOAT32_R PF_SHORT_RGB 
17:16:20: RenderSystem capabilities
17:16:20: -------------------------
17:16:20: RenderSystem Name: OpenGL Rendering Subsystem
17:16:20: GPU Vendor: unknown
17:16:20: Device Name: Gallium 0.4 on NVA5
17:16:20: Driver Version: 3.0.0.0
17:16:20:  * Fixed function pipeline: yes
17:16:20:  * Hardware generation of mipmaps: yes
17:16:20:  * Texture blending: yes
17:16:20:  * Anisotropic texture filtering: yes
17:16:20:  * Dot product texture operation: yes
17:16:20:  * Cube mapping: yes
17:16:20:  * Hardware stencil buffer: yes
17:16:20:    - Stencil depth: 8
17:16:20:    - Two sided stencil support: yes
17:16:20:    - Wrap stencil values: yes
17:16:20:  * Hardware vertex / index buffers: yes
17:16:20:  * Vertex programs: yes
17:16:20:  * Number of floating-point constants for vertex programs: 4096
17:16:20:  * Number of integer constants for vertex programs: 0
17:16:20:  * Number of boolean constants for vertex programs: 0
17:16:20:  * Fragment programs: yes
17:16:20:  * Number of floating-point constants for fragment programs: 4096
17:16:20:  * Number of integer constants for fragment programs: 0
17:16:20:  * Number of boolean constants for fragment programs: 0
17:16:20:  * Geometry programs: no
17:16:20:  * Number of floating-point constants for geometry programs: 0
17:16:20:  * Number of integer constants for geometry programs: 0
17:16:20:  * Number of boolean constants for geometry programs: 0
17:16:20:  * Supported Shader Profiles: arbfp1 arbvp1 glsl
17:16:20:  * Texture Compression: yes
17:16:20:    - DXT: yes
17:16:20:    - VTC: no
17:16:20:    - PVRTC: no
17:16:20:  * Scissor Rectangle: yes
17:16:20:  * Hardware Occlusion Query: yes
17:16:20:  * User clip planes: yes
17:16:20:  * VET_UBYTE4 vertex element type: yes
17:16:20:  * Infinite far plane projection: yes
17:16:20:  * Hardware render-to-texture: yes
17:16:20:  * Floating point textures: yes
17:16:20:  * Non-power-of-two textures: yes
17:16:20:  * Volume textures: yes
17:16:20:  * Multiple Render Targets: 8
17:16:20:    - With different bit depths: yes
17:16:20:  * Point Sprites: yes
17:16:20:  * Extended point parameters: yes
17:16:20:  * Max Point Size: 64
17:16:20:  * Vertex texture fetch: yes
17:16:20:  * Number of world matrices: 0
17:16:20:  * Number of texture units: 16
17:16:20:  * Stencil buffer depth: 8
17:16:20:  * Number of vertex blend matrices: 0
17:16:20:    - Max vertex textures: 16
17:16:20:    - Vertex textures shared: yes
17:16:20:  * Render to Vertex Buffer : no
17:16:20:  * GL 1.5 without VBO workaround: no
17:16:20:  * Frame Buffer objects: yes
17:16:20:  * Frame Buffer objects (ARB extension): no
17:16:20:  * Frame Buffer objects (ATI extension): no
17:16:20:  * PBuffer support: yes
17:16:20:  * GL 1.5 without HW-occlusion workaround: no
17:16:20: Registering ResourceManager for type Texture
17:16:20: DefaultWorkQueue('Root') initialising on thread 0xce3310.
17:16:20: DefaultWorkQueue('Root')::WorkerFunc - thread 0xd64890 starting.
17:16:20: DefaultWorkQueue('Root')::WorkerFunc - thread 0xe374b0 starting.
17:16:20: DefaultWorkQueue('Root')::WorkerFunc - thread 0xe377c0 starting.
17:16:20: Particle Renderer Type 'billboard' registered
17:16:20: SceneManagerFactory for type 'BspSceneManager' registered.
17:16:20: Registering ResourceManager for type BspLevel
17:16:20: SceneManagerFactory for type 'OctreeSceneManager' registered.
17:16:20: SceneManagerFactory for type 'TerrainSceneManager' registered.
17:16:20: Parsing scripts for resource group Autodetect
17:16:20: Finished parsing scripts for resource group Autodetect
17:16:20: Parsing scripts for resource group General
17:16:20: DefaultWorkQueue('Root')::WorkerFunc - thread 0xe37ad0 starting.
17:16:20: Parsing script 0111101.material
17:16:20: Parsing script Stone3.material
17:16:20: Parsing script DuffBeerDead.material
17:16:20: Parsing script 0010011.material
17:16:20: Parsing script Bart.material
17:16:20: Parsing script 0000111.material
17:16:20: Parsing script 0100101.material
17:16:20: Parsing script 0000001.material
17:16:20: Parsing script Ogre.material
17:16:20: Parsing script 0011110.material
17:16:20: Parsing script 0001000.material
17:16:20: Parsing script 0001111.material
17:16:20: Parsing script 0001100.material
17:16:20: Parsing script 0110000.material
17:16:20: Parsing script Homer.material
17:16:20: Parsing script 0001011.material
17:16:20: Parsing script 0011010.material
17:16:20: Parsing script Stone1.material
17:16:20: Parsing script 0100110.material
17:16:20: Parsing script homer_lambert3SG.material
17:16:20: Parsing script 0000110.material
17:16:20: Parsing script 0111110.material
17:16:20: Parsing script 0010000.material
17:16:20: Parsing script 0101100.material
17:16:20: Parsing script Test.material
17:16:20: Parsing script 0110010.material
17:16:20: Parsing script 0101111.material
17:16:20: Parsing script 0000101.material
17:16:20: Parsing script 0111100.material
17:16:20: Parsing script 0111001.material
17:16:20: Parsing script 0111010.material
17:16:20: Parsing script lambert3SG.material
17:16:20: Parsing script 0001001.material
17:16:20: Parsing script Stone4.material
17:16:20: Parsing script 0000011.material
17:16:20: Parsing script Krusty.material
17:16:20: Parsing script 0101010.material
17:16:20: Parsing script Ned.material
17:16:20: Parsing script 0110101.material
17:16:20: Parsing script Maggie.material
17:16:20: Parsing script 0010110.material
17:16:20: Parsing script lambert4SG.material
17:16:20: Parsing script 0100001.material
17:16:20: Parsing script 0010001.material
17:16:20: Parsing script UntitledScene.material
17:16:20: Parsing script 0110100.material
17:16:20: Parsing script lambert6SG.material
17:16:20: Parsing script 0100010.material
17:16:20: Parsing script Marge.material
17:16:20: Parsing script 0100111.material
17:16:20: Parsing script 0010111.material
17:16:20: Parsing script 0001101.material
17:16:20: Parsing script 0010100.material
17:16:20: Parsing script 0111011.material
17:16:20: Parsing script 0010101.material
17:16:20: Parsing script 0100000.material
17:16:20: Parsing script 0110111.material
17:16:20: Parsing script 0101110.material
17:16:20: Parsing script 0110001.material
17:16:20: Parsing script lambert5SG.material
17:16:20: Parsing script 0100011.material
17:16:20: Parsing script 0011000.material
17:16:20: Parsing script 0011111.material
17:16:20: Parsing script Stone5.material
17:16:20: Parsing script 0011101.material
17:16:20: Parsing script 0001010.material
17:16:20: Parsing script Stone2.material
17:16:20: Parsing script 0011011.material
17:16:20: Parsing script LevelUp.material
17:16:20: Parsing script 0101000.material
17:16:20: Parsing script Stone6.material
17:16:20: Parsing script 0110110.material
17:16:20: Parsing script 0111000.material
17:16:20: Parsing script 0011100.material
17:16:20: Parsing script 0011001.material
17:16:20: Parsing script Food.material
17:16:20: Parsing script 0111111.material
17:16:20: Parsing script 0010010.material
17:16:20: Parsing script Selecter.material
17:16:20: Parsing script Donut.material
17:16:20: Parsing script Lisa.material
17:16:20: Parsing script 0101101.material
17:16:20: Parsing script 0000100.material
17:16:20: Parsing script 0000010.material
17:16:20: Parsing script 0100100.material
17:16:20: Parsing script 0101011.material
17:16:20: Parsing script DuffBeer.material
17:16:20: Parsing script 0101001.material
17:16:20: Parsing script 0110011.material
17:16:20: Parsing script 0001110.material
17:16:20: Parsing script homer_lambert7SG.material
17:16:20: Parsing script Abraham.material
17:16:20: Parsing script SdkTrays.material
17:16:20: Parsing script SdkTrays.fontdef
17:16:20: Parsing script SdkTrays.overlay
17:16:20: Bad element attribute line: '# you can offset the image to change the cursor "hotspot"' for element SdkTrays/Cursor in overlay 
17:16:20: Texture: sdk_cursor.png: Loading 1 faces(PF_A8R8G8B8,32x32x1) with 5 hardware generated mipmaps from Image. Internal format is PF_A8R8G8B8,32x32x1.
17:16:20: Texture: sdk_tray.png: Loading 1 faces(PF_A8R8G8B8,64x64x1) with 5 hardware generated mipmaps from Image. Internal format is PF_A8R8G8B8,64x64x1.
17:16:20: Texture: sdk_button_up.png: Loading 1 faces(PF_A8R8G8B8,128x32x1) with 5 hardware generated mipmaps from Image. Internal format is PF_A8R8G8B8,128x32x1.
17:16:20: Texture: sdk_text_box.png: Loading 1 faces(PF_A8R8G8B8,32x32x1) with 5 hardware generated mipmaps from Image. Internal format is PF_A8R8G8B8,32x32x1.
17:16:20: Texture: sdk_mini_tray.png: Loading 1 faces(PF_A8R8G8B8,32x32x1) with 5 hardware generated mipmaps from Image. Internal format is PF_A8R8G8B8,32x32x1.
17:16:20: Texture: sdk_track.png: Loading 1 faces(PF_A8R8G8B8,16x32x1) with 5 hardware generated mipmaps from Image. Internal format is PF_A8R8G8B8,16x32x1.
17:16:20: Texture: sdk_handle.png: Loading 1 faces(PF_A8R8G8B8,16x16x1) with 4 hardware generated mipmaps from Image. Internal format is PF_A8R8G8B8,16x16x1.
17:16:20: Texture: sdk_mini_text_box.png: Loading 1 faces(PF_A8R8G8B8,32x32x1) with 5 hardware generated mipmaps from Image. Internal format is PF_A8R8G8B8,32x32x1.
17:16:20: Texture: sdk_label.png: Loading 1 faces(PF_A8R8G8B8,32x32x1) with 5 hardware generated mipmaps from Image. Internal format is PF_A8R8G8B8,32x32x1.
17:16:20: Texture: sdk_separator.png: Loading 1 faces(PF_A8R8G8B8,64x16x1) with 5 hardware generated mipmaps from Image. Internal format is PF_A8R8G8B8,64x16x1.
17:16:20: Texture: sdk_logo.png: Loading 1 faces(PF_A8R8G8B8,128x64x1) with 5 hardware generated mipmaps from Image. Internal format is PF_A8R8G8B8,128x64x1.
17:16:20: Texture: sdk_shade.png: Loading 1 faces(PF_A8R8G8B8,64x48x1) with 5 hardware generated mipmaps from Image. Internal format is PF_A8R8G8B8,64x48x1.
17:16:20: Texture: sdk_frame.png: Loading 1 faces(PF_A8R8G8B8,32x32x1) with 5 hardware generated mipmaps from Image. Internal format is PF_A8R8G8B8,32x32x1.
17:16:20: Texture: sdk_mini_text_box_over.png: Loading 1 faces(PF_A8R8G8B8,32x32x1) with 5 hardware generated mipmaps from Image. Internal format is PF_A8R8G8B8,32x32x1.
17:16:20: Texture: sdk_pulse.png: Loading 1 faces(PF_R8G8B8,8x1x1) with 3 hardware generated mipmaps from Image. Internal format is PF_X8R8G8B8,8x1x1.
17:16:20: Finished parsing scripts for resource group General
17:16:20: Parsing scripts for resource group Internal
17:16:20: Finished parsing scripts for resource group Internal
17:16:21: Mesh: Loading Donut.mesh.
17:16:21: Texture: donutEmpty.tga: Loading 1 faces(PF_R8G8B8,600x293x1) with 5 hardware generated mipmaps from Image. Internal format is PF_X8R8G8B8,600x293x1.
17:16:21: Texture: sky.tga: Loading 1 faces(PF_R8G8B8,1663x1060x1) with 5 hardware generated mipmaps from Image. Internal format is PF_X8R8G8B8,1663x1060x1.
17:16:21: *** Initializing OIS ***
17:16:21: Font SdkTrays/Captionusing texture size 512x256
17:16:21: Info: Freetype returned null for character 160 in font SdkTrays/Caption
17:16:21: Texture: SdkTrays/CaptionTexture: Loading 1 faces(PF_BYTE_LA,512x256x1) with  hardware generated mipmaps from Image. Internal format is PF_BYTE_LA,512x256x1.
17:16:21: Font SdkTrays/Valueusing texture size 512x256
17:16:21: Info: Freetype returned null for character 127 in font SdkTrays/Value
17:16:21: Info: Freetype returned null for character 128 in font SdkTrays/Value
17:16:21: Info: Freetype returned null for character 129 in font SdkTrays/Value
17:16:21: Info: Freetype returned null for character 130 in font SdkTrays/Value
17:16:21: Info: Freetype returned null for character 131 in font SdkTrays/Value
17:16:21: Info: Freetype returned null for character 132 in font SdkTrays/Value
17:16:21: Info: Freetype returned null for character 133 in font SdkTrays/Value
17:16:21: Info: Freetype returned null for character 134 in font SdkTrays/Value
17:16:21: Info: Freetype returned null for character 135 in font SdkTrays/Value
17:16:21: Info: Freetype returned null for character 136 in font SdkTrays/Value
17:16:21: Info: Freetype returned null for character 137 in font SdkTrays/Value
17:16:21: Info: Freetype returned null for character 138 in font SdkTrays/Value
17:16:21: Info: Freetype returned null for character 139 in font SdkTrays/Value
17:16:21: Info: Freetype returned null for character 140 in font SdkTrays/Value
17:16:21: Info: Freetype returned null for character 141 in font SdkTrays/Value
17:16:21: Info: Freetype returned null for character 142 in font SdkTrays/Value
17:16:21: Info: Freetype returned null for character 143 in font SdkTrays/Value
17:16:21: Info: Freetype returned null for character 144 in font SdkTrays/Value
17:16:21: Info: Freetype returned null for character 145 in font SdkTrays/Value
17:16:21: Info: Freetype returned null for character 146 in font SdkTrays/Value
17:16:21: Info: Freetype returned null for character 147 in font SdkTrays/Value
17:16:21: Info: Freetype returned null for character 148 in font SdkTrays/Value
17:16:21: Info: Freetype returned null for character 149 in font SdkTrays/Value
17:16:21: Info: Freetype returned null for character 150 in font SdkTrays/Value
17:16:21: Info: Freetype returned null for character 151 in font SdkTrays/Value
17:16:21: Info: Freetype returned null for character 152 in font SdkTrays/Value
17:16:21: Info: Freetype returned null for character 153 in font SdkTrays/Value
17:16:21: Info: Freetype returned null for character 154 in font SdkTrays/Value
17:16:21: Info: Freetype returned null for character 155 in font SdkTrays/Value
17:16:21: Info: Freetype returned null for character 156 in font SdkTrays/Value
17:16:21: Info: Freetype returned null for character 157 in font SdkTrays/Value
17:16:21: Info: Freetype returned null for character 158 in font SdkTrays/Value
17:16:21: Info: Freetype returned null for character 159 in font SdkTrays/Value
17:16:21: Info: Freetype returned null for character 160 in font SdkTrays/Value
17:16:21: Texture: SdkTrays/ValueTexture: Loading 1 faces(PF_BYTE_LA,512x256x1) with  hardware generated mipmaps from Image. Internal format is PF_BYTE_LA,512x256x1.
17:16:21: Mesh: Loading Selecter.mesh.
17:16:21: Texture: black.tga: Loading 1 faces(PF_R8G8B8,1x1x1) with 1 hardware generated mipmaps from Image. Internal format is PF_X8R8G8B8,1x1x1.
17:16:21: Mesh: Loading Food.mesh.
17:16:21: Texture: cream.tga: Loading 1 faces(PF_R8G8B8,262x196x1) with 5 hardware generated mipmaps from Image. Internal format is PF_X8R8G8B8,262x196x1.
17:16:21: Mesh: Loading 0100001.mesh.
17:16:21: Texture: blue.tga: Loading 1 faces(PF_R8G8B8,1x1x1) with 1 hardware generated mipmaps from Image. Internal format is PF_X8R8G8B8,1x1x1.
17:16:21: Texture: white.tga: Loading 1 faces(PF_R8G8B8,1x1x1) with 1 hardware generated mipmaps from Image. Internal format is PF_X8R8G8B8,1x1x1.
17:16:21: Mesh: Loading 0111110.mesh.
17:16:21: Texture: red.tga: Loading 1 faces(PF_R8G8B8,1x1x1) with 1 hardware generated mipmaps from Image. Internal format is PF_X8R8G8B8,1x1x1.
17:16:21: Texture: orange.tga: Loading 1 faces(PF_R8G8B8,1x1x1) with 1 hardware generated mipmaps from Image. Internal format is PF_X8R8G8B8,1x1x1.
17:16:21: Texture: yellow.tga: Loading 1 faces(PF_R8G8B8,1x1x1) with 1 hardware generated mipmaps from Image. Internal format is PF_X8R8G8B8,1x1x1.
17:16:21: Texture: greenNed.tga: Loading 1 faces(PF_R8G8B8,1x1x1) with 1 hardware generated mipmaps from Image. Internal format is PF_X8R8G8B8,1x1x1.
17:16:21: Mesh: Loading 0111000.mesh.
17:16:21: Mesh: Loading 0110100.mesh.
17:16:21: Mesh: Loading 0101000.mesh.
17:16:21: Mesh: Loading 0100010.mesh.
17:16:21: Mesh: Loading 0101110.mesh.
17:16:22: Mesh: Loading 0011100.mesh.
17:16:22: Mesh: Loading 0110000.mesh.
17:16:22: Mesh: Loading 0010000.mesh.
17:16:22: Mesh: Loading 0110010.mesh.
17:16:22: Mesh: Loading 0011110.mesh.
17:16:22: Mesh: Loading 0110110.mesh.
17:16:23: Mesh: Loading 0001110.mesh.
17:16:23: Mesh: Loading 0111010.mesh.
17:16:23: Mesh: Loading 0000011.mesh.
17:16:23: Mesh: Loading 0010010.mesh.
17:16:23: Mesh: Loading 0100000.mesh.
17:16:24: Mesh: Loading 0001000.mesh.
17:16:24: Mesh: Loading 0101011.mesh.
17:16:25: Mesh: Loading 0101010.mesh.
17:16:25: Mesh: Loading 0111100.mesh.
17:16:25: Mesh: Loading 0101111.mesh.
17:16:25: Mesh: Loading 0000110.mesh.
17:16:25: Mesh: Loading 0010101.mesh.
17:16:26: Mesh: Loading 0011010.mesh.
17:16:26: Mesh: Loading 0101100.mesh.
17:16:26: Mesh: Loading 0100110.mesh.
17:16:27: Mesh: Loading 0010100.mesh.
17:16:27: Mesh: Loading 0110111.mesh.
17:16:29: Mesh: Loading 0001100.mesh.
17:16:29: Mesh: Loading 0000100.mesh.
17:16:30: Mesh: Loading 0011000.mesh.
